[2025-01-14T13:44:31.883+0000] {manager.py:483} INFO - Processing files using up to 2 processes at a time 
[2025-01-14T13:44:31.892+0000] {manager.py:484} INFO - Process each file at most once every 30 seconds
[2025-01-14T13:44:31.893+0000] {manager.py:486} INFO - Checking for new files in /opt/airflow/dags every 300 seconds
[2025-01-14T13:44:31.893+0000] {manager.py:726} INFO - Searching for files in /opt/airflow/dags
[2025-01-14T13:44:31.897+0000] {manager.py:729} INFO - There are 1 files in /opt/airflow/dags
[2025-01-14T13:44:31.983+0000] {manager.py:854} INFO - 
================================================================================
DAG File Processing Stats

File Path                           PID  Runtime      # DAGs    # Errors  Last Runtime    Last Run
--------------------------------  -----  ---------  --------  ----------  --------------  ----------
/opt/airflow/dags/ev_pipeline.py    169  0.04s             0           0
================================================================================
[2025-01-14T13:45:02.128+0000] {manager.py:854} INFO - 
================================================================================
DAG File Processing Stats

File Path                           PID  Runtime      # DAGs    # Errors  Last Runtime    Last Run
--------------------------------  -----  ---------  --------  ----------  --------------  -------------------
/opt/airflow/dags/ev_pipeline.py    175  0.00s             0           1  0.07s           2025-01-14T13:44:32
================================================================================
[2025-01-14T13:45:32.279+0000] {manager.py:854} INFO - 
================================================================================
DAG File Processing Stats

File Path                           PID  Runtime      # DAGs    # Errors  Last Runtime    Last Run
--------------------------------  -----  ---------  --------  ----------  --------------  -------------------
/opt/airflow/dags/ev_pipeline.py    180  0.00s             0           1  0.05s           2025-01-14T13:45:02
================================================================================
[2025-01-14T13:46:02.437+0000] {manager.py:854} INFO - 
================================================================================
DAG File Processing Stats

File Path                           PID  Runtime      # DAGs    # Errors  Last Runtime    Last Run
--------------------------------  -----  ---------  --------  ----------  --------------  -------------------
/opt/airflow/dags/ev_pipeline.py    185  0.00s             0           1  0.05s           2025-01-14T13:45:32
================================================================================
[2025-01-14T13:46:32.592+0000] {manager.py:854} INFO - 
================================================================================
DAG File Processing Stats

File Path                           PID  Runtime      # DAGs    # Errors  Last Runtime    Last Run
--------------------------------  -----  ---------  --------  ----------  --------------  -------------------
/opt/airflow/dags/ev_pipeline.py    190  0.00s             0           1  0.05s           2025-01-14T13:46:02
================================================================================
[2025-01-14T13:47:02.737+0000] {manager.py:854} INFO - 
================================================================================
DAG File Processing Stats

File Path                           PID  Runtime      # DAGs    # Errors  Last Runtime    Last Run
--------------------------------  -----  ---------  --------  ----------  --------------  -------------------
/opt/airflow/dags/ev_pipeline.py    195  0.00s             0           1  0.05s           2025-01-14T13:46:32
================================================================================
[2025-01-14T13:47:32.890+0000] {manager.py:854} INFO - 
================================================================================
DAG File Processing Stats

File Path                           PID  Runtime      # DAGs    # Errors  Last Runtime    Last Run
--------------------------------  -----  ---------  --------  ----------  --------------  -------------------
/opt/airflow/dags/ev_pipeline.py    200  0.00s             0           1  0.04s           2025-01-14T13:47:02
================================================================================
[2025-01-14T13:48:03.043+0000] {manager.py:854} INFO - 
================================================================================
DAG File Processing Stats

File Path                           PID  Runtime      # DAGs    # Errors  Last Runtime    Last Run
--------------------------------  -----  ---------  --------  ----------  --------------  -------------------
/opt/airflow/dags/ev_pipeline.py    205  0.00s             0           1  0.05s           2025-01-14T13:47:32
================================================================================
[2025-01-14T13:48:33.199+0000] {manager.py:854} INFO - 
================================================================================
DAG File Processing Stats

File Path                           PID  Runtime      # DAGs    # Errors  Last Runtime    Last Run
--------------------------------  -----  ---------  --------  ----------  --------------  -------------------
/opt/airflow/dags/ev_pipeline.py    210  0.00s             0           1  0.05s           2025-01-14T13:48:03
================================================================================
[2025-01-14T13:49:03.345+0000] {manager.py:854} INFO - 
================================================================================
DAG File Processing Stats

File Path                           PID  Runtime      # DAGs    # Errors  Last Runtime    Last Run
--------------------------------  -----  ---------  --------  ----------  --------------  -------------------
/opt/airflow/dags/ev_pipeline.py    215  0.00s             0           1  0.05s           2025-01-14T13:48:33
================================================================================
[2025-01-14T13:49:32.490+0000] {manager.py:726} INFO - Searching for files in /opt/airflow/dags
[2025-01-14T13:49:32.493+0000] {manager.py:729} INFO - There are 1 files in /opt/airflow/dags
[2025-01-14T13:49:33.510+0000] {manager.py:854} INFO - 
================================================================================
DAG File Processing Stats

File Path                           PID  Runtime      # DAGs    # Errors  Last Runtime    Last Run
--------------------------------  -----  ---------  --------  ----------  --------------  -------------------
/opt/airflow/dags/ev_pipeline.py    220  0.00s             0           1  0.05s           2025-01-14T13:49:03
================================================================================
[2025-01-14T13:50:03.661+0000] {manager.py:854} INFO - 
================================================================================
DAG File Processing Stats

File Path                           PID  Runtime      # DAGs    # Errors  Last Runtime    Last Run
--------------------------------  -----  ---------  --------  ----------  --------------  -------------------
/opt/airflow/dags/ev_pipeline.py    225  0.00s             0           1  0.05s           2025-01-14T13:49:33
================================================================================
[2025-01-14T13:50:33.818+0000] {manager.py:854} INFO - 
================================================================================
DAG File Processing Stats

File Path                           PID  Runtime      # DAGs    # Errors  Last Runtime    Last Run
--------------------------------  -----  ---------  --------  ----------  --------------  -------------------
/opt/airflow/dags/ev_pipeline.py    230  0.00s             0           1  0.05s           2025-01-14T13:50:03
================================================================================
[2025-01-14T13:51:03.969+0000] {manager.py:854} INFO - 
================================================================================
DAG File Processing Stats

File Path                           PID  Runtime      # DAGs    # Errors  Last Runtime    Last Run
--------------------------------  -----  ---------  --------  ----------  --------------  -------------------
/opt/airflow/dags/ev_pipeline.py    235  0.00s             0           1  0.05s           2025-01-14T13:50:33
================================================================================
[2025-01-14T13:51:34.126+0000] {manager.py:854} INFO - 
================================================================================
DAG File Processing Stats

File Path                           PID  Runtime      # DAGs    # Errors  Last Runtime    Last Run
--------------------------------  -----  ---------  --------  ----------  --------------  -------------------
/opt/airflow/dags/ev_pipeline.py    240  0.00s             0           1  0.04s           2025-01-14T13:51:04
================================================================================
[2025-01-14T13:51:43.346+0000] {manager.py:465} INFO - Exiting gracefully upon receiving signal 15
[2025-01-14T14:13:58.874+0000] {manager.py:483} INFO - Processing files using up to 2 processes at a time 
[2025-01-14T14:13:58.877+0000] {manager.py:484} INFO - Process each file at most once every 30 seconds
[2025-01-14T14:13:58.877+0000] {manager.py:486} INFO - Checking for new files in /opt/airflow/dags every 300 seconds
[2025-01-14T14:13:58.878+0000] {manager.py:726} INFO - Searching for files in /opt/airflow/dags
[2025-01-14T14:13:58.893+0000] {manager.py:729} INFO - There are 1 files in /opt/airflow/dags
[2025-01-14T14:13:58.986+0000] {manager.py:854} INFO - 
================================================================================
DAG File Processing Stats

File Path                           PID  Runtime      # DAGs    # Errors  Last Runtime    Last Run
--------------------------------  -----  ---------  --------  ----------  --------------  ----------
/opt/airflow/dags/ev_pipeline.py    169  0.05s             0           0
================================================================================
[2025-01-14T14:14:29.121+0000] {manager.py:854} INFO - 
================================================================================
DAG File Processing Stats

File Path                         PID    Runtime      # DAGs    # Errors  Last Runtime    Last Run
--------------------------------  -----  ---------  --------  ----------  --------------  -------------------
/opt/airflow/dags/ev_pipeline.py                           1           0  0.48s           2025-01-14T14:13:59
================================================================================
[2025-01-14T14:14:59.683+0000] {manager.py:854} INFO - 
================================================================================
DAG File Processing Stats

File Path                         PID    Runtime      # DAGs    # Errors  Last Runtime    Last Run
--------------------------------  -----  ---------  --------  ----------  --------------  -------------------
/opt/airflow/dags/ev_pipeline.py                           1           0  0.19s           2025-01-14T14:14:29
================================================================================
[2025-01-14T14:15:29.990+0000] {manager.py:854} INFO - 
================================================================================
DAG File Processing Stats

File Path                         PID    Runtime      # DAGs    # Errors  Last Runtime    Last Run
--------------------------------  -----  ---------  --------  ----------  --------------  -------------------
/opt/airflow/dags/ev_pipeline.py                           1           0  0.15s           2025-01-14T14:15:00
================================================================================
[2025-01-14T14:16:00.251+0000] {manager.py:854} INFO - 
================================================================================
DAG File Processing Stats

File Path                         PID    Runtime      # DAGs    # Errors  Last Runtime    Last Run
--------------------------------  -----  ---------  --------  ----------  --------------  -------------------
/opt/airflow/dags/ev_pipeline.py                           1           0  0.16s           2025-01-14T14:15:30
================================================================================
[2025-01-14T14:16:30.532+0000] {manager.py:854} INFO - 
================================================================================
DAG File Processing Stats

File Path                         PID    Runtime      # DAGs    # Errors  Last Runtime    Last Run
--------------------------------  -----  ---------  --------  ----------  --------------  -------------------
/opt/airflow/dags/ev_pipeline.py                           1           0  0.16s           2025-01-14T14:16:00
================================================================================
[2025-01-14T14:17:00.805+0000] {manager.py:854} INFO - 
================================================================================
DAG File Processing Stats

File Path                         PID    Runtime      # DAGs    # Errors  Last Runtime    Last Run
--------------------------------  -----  ---------  --------  ----------  --------------  -------------------
/opt/airflow/dags/ev_pipeline.py                           1           0  0.17s           2025-01-14T14:16:30
================================================================================
[2025-01-14T14:17:31.088+0000] {manager.py:854} INFO - 
================================================================================
DAG File Processing Stats

File Path                         PID    Runtime      # DAGs    # Errors  Last Runtime    Last Run
--------------------------------  -----  ---------  --------  ----------  --------------  -------------------
/opt/airflow/dags/ev_pipeline.py                           1           0  0.21s           2025-01-14T14:17:01
================================================================================
[2025-01-14T14:18:01.420+0000] {manager.py:854} INFO - 
================================================================================
DAG File Processing Stats

File Path                         PID    Runtime      # DAGs    # Errors  Last Runtime    Last Run
--------------------------------  -----  ---------  --------  ----------  --------------  -------------------
/opt/airflow/dags/ev_pipeline.py                           1           0  0.15s           2025-01-14T14:17:31
================================================================================
[2025-01-14T14:18:31.664+0000] {manager.py:854} INFO - 
================================================================================
DAG File Processing Stats

File Path                         PID    Runtime      # DAGs    # Errors  Last Runtime    Last Run
--------------------------------  -----  ---------  --------  ----------  --------------  -------------------
/opt/airflow/dags/ev_pipeline.py                           1           0  0.15s           2025-01-14T14:18:01
================================================================================
[2025-01-14T14:18:58.883+0000] {manager.py:726} INFO - Searching for files in /opt/airflow/dags
[2025-01-14T14:18:58.886+0000] {manager.py:729} INFO - There are 1 files in /opt/airflow/dags
[2025-01-14T14:19:01.910+0000] {manager.py:854} INFO - 
================================================================================
DAG File Processing Stats

File Path                         PID    Runtime      # DAGs    # Errors  Last Runtime    Last Run
--------------------------------  -----  ---------  --------  ----------  --------------  -------------------
/opt/airflow/dags/ev_pipeline.py                           1           0  0.15s           2025-01-14T14:18:31
================================================================================
[2025-01-14T14:19:32.156+0000] {manager.py:854} INFO - 
================================================================================
DAG File Processing Stats

File Path                         PID    Runtime      # DAGs    # Errors  Last Runtime    Last Run
--------------------------------  -----  ---------  --------  ----------  --------------  -------------------
/opt/airflow/dags/ev_pipeline.py                           1           0  0.15s           2025-01-14T14:19:02
================================================================================
[2025-01-14T14:20:02.418+0000] {manager.py:854} INFO - 
================================================================================
DAG File Processing Stats

File Path                         PID    Runtime      # DAGs    # Errors  Last Runtime    Last Run
--------------------------------  -----  ---------  --------  ----------  --------------  -------------------
/opt/airflow/dags/ev_pipeline.py                           1           0  0.15s           2025-01-14T14:19:32
================================================================================
[2025-01-14T14:20:32.664+0000] {manager.py:854} INFO - 
================================================================================
DAG File Processing Stats

File Path                         PID    Runtime      # DAGs    # Errors  Last Runtime    Last Run
--------------------------------  -----  ---------  --------  ----------  --------------  -------------------
/opt/airflow/dags/ev_pipeline.py                           1           0  0.15s           2025-01-14T14:20:02
================================================================================
[2025-01-14T14:21:02.925+0000] {manager.py:854} INFO - 
================================================================================
DAG File Processing Stats

File Path                         PID    Runtime      # DAGs    # Errors  Last Runtime    Last Run
--------------------------------  -----  ---------  --------  ----------  --------------  -------------------
/opt/airflow/dags/ev_pipeline.py                           1           0  0.17s           2025-01-14T14:20:32
================================================================================
