[2025-01-14T13:44:31.950+0000] {processor.py:153} INFO - Started process (PID=169) to work on /opt/airflow/dags/ev_pipeline.py
[2025-01-14T13:44:31.951+0000] {processor.py:743} INFO - Processing file /opt/airflow/dags/ev_pipeline.py for tasks to queue
[2025-01-14T13:44:31.952+0000] {logging_mixin.py:137} INFO - [2025-01-14T13:44:31.952+0000] {dagbag.py:538} INFO - Filling up the DagBag from /opt/airflow/dags/ev_pipeline.py
[2025-01-14T13:44:31.977+0000] {logging_mixin.py:137} INFO - [2025-01-14T13:44:31.973+0000] {dagbag.py:343} ERROR - Failed to import: /opt/airflow/dags/ev_pipeline.py
Traceback (most recent call last):
  File "/home/airflow/.local/lib/python3.7/site-packages/airflow/models/dagbag.py", line 339, in parse
    loader.exec_module(new_module)
  File "<frozen importlib._bootstrap_external>", line 728, in exec_module
  File "<frozen importlib._bootstrap>", line 219, in _call_with_frames_removed
  File "/opt/airflow/dags/ev_pipeline.py", line 5, in <module>
    from pyspark.sql import SparkSession
ModuleNotFoundError: No module named 'pyspark'
[2025-01-14T13:44:31.978+0000] {processor.py:755} WARNING - No viable dags retrieved from /opt/airflow/dags/ev_pipeline.py
[2025-01-14T13:44:31.998+0000] {processor.py:175} INFO - Processing /opt/airflow/dags/ev_pipeline.py took 0.051 seconds
[2025-01-14T13:45:02.138+0000] {processor.py:153} INFO - Started process (PID=175) to work on /opt/airflow/dags/ev_pipeline.py
[2025-01-14T13:45:02.140+0000] {processor.py:743} INFO - Processing file /opt/airflow/dags/ev_pipeline.py for tasks to queue
[2025-01-14T13:45:02.141+0000] {logging_mixin.py:137} INFO - [2025-01-14T13:45:02.141+0000] {dagbag.py:538} INFO - Filling up the DagBag from /opt/airflow/dags/ev_pipeline.py
[2025-01-14T13:45:02.149+0000] {logging_mixin.py:137} INFO - [2025-01-14T13:45:02.148+0000] {dagbag.py:343} ERROR - Failed to import: /opt/airflow/dags/ev_pipeline.py
Traceback (most recent call last):
  File "/home/airflow/.local/lib/python3.7/site-packages/airflow/models/dagbag.py", line 339, in parse
    loader.exec_module(new_module)
  File "<frozen importlib._bootstrap_external>", line 728, in exec_module
  File "<frozen importlib._bootstrap>", line 219, in _call_with_frames_removed
  File "/opt/airflow/dags/ev_pipeline.py", line 5, in <module>
    from pyspark.sql import SparkSession
ModuleNotFoundError: No module named 'pyspark'
[2025-01-14T13:45:02.149+0000] {processor.py:755} WARNING - No viable dags retrieved from /opt/airflow/dags/ev_pipeline.py
[2025-01-14T13:45:02.167+0000] {processor.py:175} INFO - Processing /opt/airflow/dags/ev_pipeline.py took 0.033 seconds
[2025-01-14T13:45:32.285+0000] {processor.py:153} INFO - Started process (PID=180) to work on /opt/airflow/dags/ev_pipeline.py
[2025-01-14T13:45:32.286+0000] {processor.py:743} INFO - Processing file /opt/airflow/dags/ev_pipeline.py for tasks to queue
[2025-01-14T13:45:32.288+0000] {logging_mixin.py:137} INFO - [2025-01-14T13:45:32.288+0000] {dagbag.py:538} INFO - Filling up the DagBag from /opt/airflow/dags/ev_pipeline.py
[2025-01-14T13:45:32.297+0000] {logging_mixin.py:137} INFO - [2025-01-14T13:45:32.296+0000] {dagbag.py:343} ERROR - Failed to import: /opt/airflow/dags/ev_pipeline.py
Traceback (most recent call last):
  File "/home/airflow/.local/lib/python3.7/site-packages/airflow/models/dagbag.py", line 339, in parse
    loader.exec_module(new_module)
  File "<frozen importlib._bootstrap_external>", line 728, in exec_module
  File "<frozen importlib._bootstrap>", line 219, in _call_with_frames_removed
  File "/opt/airflow/dags/ev_pipeline.py", line 5, in <module>
    from pyspark.sql import SparkSession
ModuleNotFoundError: No module named 'pyspark'
[2025-01-14T13:45:32.298+0000] {processor.py:755} WARNING - No viable dags retrieved from /opt/airflow/dags/ev_pipeline.py
[2025-01-14T13:45:32.319+0000] {processor.py:175} INFO - Processing /opt/airflow/dags/ev_pipeline.py took 0.036 seconds
[2025-01-14T13:46:02.445+0000] {processor.py:153} INFO - Started process (PID=185) to work on /opt/airflow/dags/ev_pipeline.py
[2025-01-14T13:46:02.446+0000] {processor.py:743} INFO - Processing file /opt/airflow/dags/ev_pipeline.py for tasks to queue
[2025-01-14T13:46:02.447+0000] {logging_mixin.py:137} INFO - [2025-01-14T13:46:02.447+0000] {dagbag.py:538} INFO - Filling up the DagBag from /opt/airflow/dags/ev_pipeline.py
[2025-01-14T13:46:02.454+0000] {logging_mixin.py:137} INFO - [2025-01-14T13:46:02.453+0000] {dagbag.py:343} ERROR - Failed to import: /opt/airflow/dags/ev_pipeline.py
Traceback (most recent call last):
  File "/home/airflow/.local/lib/python3.7/site-packages/airflow/models/dagbag.py", line 339, in parse
    loader.exec_module(new_module)
  File "<frozen importlib._bootstrap_external>", line 728, in exec_module
  File "<frozen importlib._bootstrap>", line 219, in _call_with_frames_removed
  File "/opt/airflow/dags/ev_pipeline.py", line 5, in <module>
    from pyspark.sql import SparkSession
ModuleNotFoundError: No module named 'pyspark'
[2025-01-14T13:46:02.454+0000] {processor.py:755} WARNING - No viable dags retrieved from /opt/airflow/dags/ev_pipeline.py
[2025-01-14T13:46:02.473+0000] {processor.py:175} INFO - Processing /opt/airflow/dags/ev_pipeline.py took 0.032 seconds
[2025-01-14T13:46:32.599+0000] {processor.py:153} INFO - Started process (PID=190) to work on /opt/airflow/dags/ev_pipeline.py
[2025-01-14T13:46:32.599+0000] {processor.py:743} INFO - Processing file /opt/airflow/dags/ev_pipeline.py for tasks to queue
[2025-01-14T13:46:32.600+0000] {logging_mixin.py:137} INFO - [2025-01-14T13:46:32.600+0000] {dagbag.py:538} INFO - Filling up the DagBag from /opt/airflow/dags/ev_pipeline.py
[2025-01-14T13:46:32.606+0000] {logging_mixin.py:137} INFO - [2025-01-14T13:46:32.606+0000] {dagbag.py:343} ERROR - Failed to import: /opt/airflow/dags/ev_pipeline.py
Traceback (most recent call last):
  File "/home/airflow/.local/lib/python3.7/site-packages/airflow/models/dagbag.py", line 339, in parse
    loader.exec_module(new_module)
  File "<frozen importlib._bootstrap_external>", line 728, in exec_module
  File "<frozen importlib._bootstrap>", line 219, in _call_with_frames_removed
  File "/opt/airflow/dags/ev_pipeline.py", line 5, in <module>
    from pyspark.sql import SparkSession
ModuleNotFoundError: No module named 'pyspark'
[2025-01-14T13:46:32.607+0000] {processor.py:755} WARNING - No viable dags retrieved from /opt/airflow/dags/ev_pipeline.py
[2025-01-14T13:46:32.626+0000] {processor.py:175} INFO - Processing /opt/airflow/dags/ev_pipeline.py took 0.030 seconds
[2025-01-14T13:47:02.744+0000] {processor.py:153} INFO - Started process (PID=195) to work on /opt/airflow/dags/ev_pipeline.py
[2025-01-14T13:47:02.745+0000] {processor.py:743} INFO - Processing file /opt/airflow/dags/ev_pipeline.py for tasks to queue
[2025-01-14T13:47:02.746+0000] {logging_mixin.py:137} INFO - [2025-01-14T13:47:02.746+0000] {dagbag.py:538} INFO - Filling up the DagBag from /opt/airflow/dags/ev_pipeline.py
[2025-01-14T13:47:02.752+0000] {logging_mixin.py:137} INFO - [2025-01-14T13:47:02.751+0000] {dagbag.py:343} ERROR - Failed to import: /opt/airflow/dags/ev_pipeline.py
Traceback (most recent call last):
  File "/home/airflow/.local/lib/python3.7/site-packages/airflow/models/dagbag.py", line 339, in parse
    loader.exec_module(new_module)
  File "<frozen importlib._bootstrap_external>", line 728, in exec_module
  File "<frozen importlib._bootstrap>", line 219, in _call_with_frames_removed
  File "/opt/airflow/dags/ev_pipeline.py", line 5, in <module>
    from pyspark.sql import SparkSession
ModuleNotFoundError: No module named 'pyspark'
[2025-01-14T13:47:02.753+0000] {processor.py:755} WARNING - No viable dags retrieved from /opt/airflow/dags/ev_pipeline.py
[2025-01-14T13:47:02.771+0000] {processor.py:175} INFO - Processing /opt/airflow/dags/ev_pipeline.py took 0.030 seconds
[2025-01-14T13:47:32.898+0000] {processor.py:153} INFO - Started process (PID=200) to work on /opt/airflow/dags/ev_pipeline.py
[2025-01-14T13:47:32.899+0000] {processor.py:743} INFO - Processing file /opt/airflow/dags/ev_pipeline.py for tasks to queue
[2025-01-14T13:47:32.900+0000] {logging_mixin.py:137} INFO - [2025-01-14T13:47:32.900+0000] {dagbag.py:538} INFO - Filling up the DagBag from /opt/airflow/dags/ev_pipeline.py
[2025-01-14T13:47:32.907+0000] {logging_mixin.py:137} INFO - [2025-01-14T13:47:32.906+0000] {dagbag.py:343} ERROR - Failed to import: /opt/airflow/dags/ev_pipeline.py
Traceback (most recent call last):
  File "/home/airflow/.local/lib/python3.7/site-packages/airflow/models/dagbag.py", line 339, in parse
    loader.exec_module(new_module)
  File "<frozen importlib._bootstrap_external>", line 728, in exec_module
  File "<frozen importlib._bootstrap>", line 219, in _call_with_frames_removed
  File "/opt/airflow/dags/ev_pipeline.py", line 5, in <module>
    from pyspark.sql import SparkSession
ModuleNotFoundError: No module named 'pyspark'
[2025-01-14T13:47:32.907+0000] {processor.py:755} WARNING - No viable dags retrieved from /opt/airflow/dags/ev_pipeline.py
[2025-01-14T13:47:32.928+0000] {processor.py:175} INFO - Processing /opt/airflow/dags/ev_pipeline.py took 0.034 seconds
[2025-01-14T13:48:03.050+0000] {processor.py:153} INFO - Started process (PID=205) to work on /opt/airflow/dags/ev_pipeline.py
[2025-01-14T13:48:03.051+0000] {processor.py:743} INFO - Processing file /opt/airflow/dags/ev_pipeline.py for tasks to queue
[2025-01-14T13:48:03.052+0000] {logging_mixin.py:137} INFO - [2025-01-14T13:48:03.052+0000] {dagbag.py:538} INFO - Filling up the DagBag from /opt/airflow/dags/ev_pipeline.py
[2025-01-14T13:48:03.060+0000] {logging_mixin.py:137} INFO - [2025-01-14T13:48:03.059+0000] {dagbag.py:343} ERROR - Failed to import: /opt/airflow/dags/ev_pipeline.py
Traceback (most recent call last):
  File "/home/airflow/.local/lib/python3.7/site-packages/airflow/models/dagbag.py", line 339, in parse
    loader.exec_module(new_module)
  File "<frozen importlib._bootstrap_external>", line 728, in exec_module
  File "<frozen importlib._bootstrap>", line 219, in _call_with_frames_removed
  File "/opt/airflow/dags/ev_pipeline.py", line 5, in <module>
    from pyspark.sql import SparkSession
ModuleNotFoundError: No module named 'pyspark'
[2025-01-14T13:48:03.061+0000] {processor.py:755} WARNING - No viable dags retrieved from /opt/airflow/dags/ev_pipeline.py
[2025-01-14T13:48:03.081+0000] {processor.py:175} INFO - Processing /opt/airflow/dags/ev_pipeline.py took 0.034 seconds
[2025-01-14T13:48:33.207+0000] {processor.py:153} INFO - Started process (PID=210) to work on /opt/airflow/dags/ev_pipeline.py
[2025-01-14T13:48:33.208+0000] {processor.py:743} INFO - Processing file /opt/airflow/dags/ev_pipeline.py for tasks to queue
[2025-01-14T13:48:33.209+0000] {logging_mixin.py:137} INFO - [2025-01-14T13:48:33.209+0000] {dagbag.py:538} INFO - Filling up the DagBag from /opt/airflow/dags/ev_pipeline.py
[2025-01-14T13:48:33.216+0000] {logging_mixin.py:137} INFO - [2025-01-14T13:48:33.215+0000] {dagbag.py:343} ERROR - Failed to import: /opt/airflow/dags/ev_pipeline.py
Traceback (most recent call last):
  File "/home/airflow/.local/lib/python3.7/site-packages/airflow/models/dagbag.py", line 339, in parse
    loader.exec_module(new_module)
  File "<frozen importlib._bootstrap_external>", line 728, in exec_module
  File "<frozen importlib._bootstrap>", line 219, in _call_with_frames_removed
  File "/opt/airflow/dags/ev_pipeline.py", line 5, in <module>
    from pyspark.sql import SparkSession
ModuleNotFoundError: No module named 'pyspark'
[2025-01-14T13:48:33.217+0000] {processor.py:755} WARNING - No viable dags retrieved from /opt/airflow/dags/ev_pipeline.py
[2025-01-14T13:48:33.237+0000] {processor.py:175} INFO - Processing /opt/airflow/dags/ev_pipeline.py took 0.034 seconds
[2025-01-14T13:49:03.353+0000] {processor.py:153} INFO - Started process (PID=215) to work on /opt/airflow/dags/ev_pipeline.py
[2025-01-14T13:49:03.354+0000] {processor.py:743} INFO - Processing file /opt/airflow/dags/ev_pipeline.py for tasks to queue
[2025-01-14T13:49:03.355+0000] {logging_mixin.py:137} INFO - [2025-01-14T13:49:03.355+0000] {dagbag.py:538} INFO - Filling up the DagBag from /opt/airflow/dags/ev_pipeline.py
[2025-01-14T13:49:03.362+0000] {logging_mixin.py:137} INFO - [2025-01-14T13:49:03.361+0000] {dagbag.py:343} ERROR - Failed to import: /opt/airflow/dags/ev_pipeline.py
Traceback (most recent call last):
  File "/home/airflow/.local/lib/python3.7/site-packages/airflow/models/dagbag.py", line 339, in parse
    loader.exec_module(new_module)
  File "<frozen importlib._bootstrap_external>", line 728, in exec_module
  File "<frozen importlib._bootstrap>", line 219, in _call_with_frames_removed
  File "/opt/airflow/dags/ev_pipeline.py", line 5, in <module>
    from pyspark.sql import SparkSession
ModuleNotFoundError: No module named 'pyspark'
[2025-01-14T13:49:03.363+0000] {processor.py:755} WARNING - No viable dags retrieved from /opt/airflow/dags/ev_pipeline.py
[2025-01-14T13:49:03.382+0000] {processor.py:175} INFO - Processing /opt/airflow/dags/ev_pipeline.py took 0.032 seconds
[2025-01-14T13:49:33.518+0000] {processor.py:153} INFO - Started process (PID=220) to work on /opt/airflow/dags/ev_pipeline.py
[2025-01-14T13:49:33.519+0000] {processor.py:743} INFO - Processing file /opt/airflow/dags/ev_pipeline.py for tasks to queue
[2025-01-14T13:49:33.520+0000] {logging_mixin.py:137} INFO - [2025-01-14T13:49:33.520+0000] {dagbag.py:538} INFO - Filling up the DagBag from /opt/airflow/dags/ev_pipeline.py
[2025-01-14T13:49:33.527+0000] {logging_mixin.py:137} INFO - [2025-01-14T13:49:33.526+0000] {dagbag.py:343} ERROR - Failed to import: /opt/airflow/dags/ev_pipeline.py
Traceback (most recent call last):
  File "/home/airflow/.local/lib/python3.7/site-packages/airflow/models/dagbag.py", line 339, in parse
    loader.exec_module(new_module)
  File "<frozen importlib._bootstrap_external>", line 728, in exec_module
  File "<frozen importlib._bootstrap>", line 219, in _call_with_frames_removed
  File "/opt/airflow/dags/ev_pipeline.py", line 5, in <module>
    from pyspark.sql import SparkSession
ModuleNotFoundError: No module named 'pyspark'
[2025-01-14T13:49:33.527+0000] {processor.py:755} WARNING - No viable dags retrieved from /opt/airflow/dags/ev_pipeline.py
[2025-01-14T13:49:33.546+0000] {processor.py:175} INFO - Processing /opt/airflow/dags/ev_pipeline.py took 0.031 seconds
[2025-01-14T13:50:03.668+0000] {processor.py:153} INFO - Started process (PID=225) to work on /opt/airflow/dags/ev_pipeline.py
[2025-01-14T13:50:03.669+0000] {processor.py:743} INFO - Processing file /opt/airflow/dags/ev_pipeline.py for tasks to queue
[2025-01-14T13:50:03.671+0000] {logging_mixin.py:137} INFO - [2025-01-14T13:50:03.670+0000] {dagbag.py:538} INFO - Filling up the DagBag from /opt/airflow/dags/ev_pipeline.py
[2025-01-14T13:50:03.680+0000] {logging_mixin.py:137} INFO - [2025-01-14T13:50:03.678+0000] {dagbag.py:343} ERROR - Failed to import: /opt/airflow/dags/ev_pipeline.py
Traceback (most recent call last):
  File "/home/airflow/.local/lib/python3.7/site-packages/airflow/models/dagbag.py", line 339, in parse
    loader.exec_module(new_module)
  File "<frozen importlib._bootstrap_external>", line 728, in exec_module
  File "<frozen importlib._bootstrap>", line 219, in _call_with_frames_removed
  File "/opt/airflow/dags/ev_pipeline.py", line 5, in <module>
    from pyspark.sql import SparkSession
ModuleNotFoundError: No module named 'pyspark'
[2025-01-14T13:50:03.680+0000] {processor.py:755} WARNING - No viable dags retrieved from /opt/airflow/dags/ev_pipeline.py
[2025-01-14T13:50:03.702+0000] {processor.py:175} INFO - Processing /opt/airflow/dags/ev_pipeline.py took 0.037 seconds
[2025-01-14T13:50:33.826+0000] {processor.py:153} INFO - Started process (PID=230) to work on /opt/airflow/dags/ev_pipeline.py
[2025-01-14T13:50:33.827+0000] {processor.py:743} INFO - Processing file /opt/airflow/dags/ev_pipeline.py for tasks to queue
[2025-01-14T13:50:33.828+0000] {logging_mixin.py:137} INFO - [2025-01-14T13:50:33.828+0000] {dagbag.py:538} INFO - Filling up the DagBag from /opt/airflow/dags/ev_pipeline.py
[2025-01-14T13:50:33.836+0000] {logging_mixin.py:137} INFO - [2025-01-14T13:50:33.835+0000] {dagbag.py:343} ERROR - Failed to import: /opt/airflow/dags/ev_pipeline.py
Traceback (most recent call last):
  File "/home/airflow/.local/lib/python3.7/site-packages/airflow/models/dagbag.py", line 339, in parse
    loader.exec_module(new_module)
  File "<frozen importlib._bootstrap_external>", line 728, in exec_module
  File "<frozen importlib._bootstrap>", line 219, in _call_with_frames_removed
  File "/opt/airflow/dags/ev_pipeline.py", line 5, in <module>
    from pyspark.sql import SparkSession
ModuleNotFoundError: No module named 'pyspark'
[2025-01-14T13:50:33.837+0000] {processor.py:755} WARNING - No viable dags retrieved from /opt/airflow/dags/ev_pipeline.py
[2025-01-14T13:50:33.859+0000] {processor.py:175} INFO - Processing /opt/airflow/dags/ev_pipeline.py took 0.036 seconds
[2025-01-14T13:51:03.976+0000] {processor.py:153} INFO - Started process (PID=235) to work on /opt/airflow/dags/ev_pipeline.py
[2025-01-14T13:51:03.977+0000] {processor.py:743} INFO - Processing file /opt/airflow/dags/ev_pipeline.py for tasks to queue
[2025-01-14T13:51:03.978+0000] {logging_mixin.py:137} INFO - [2025-01-14T13:51:03.978+0000] {dagbag.py:538} INFO - Filling up the DagBag from /opt/airflow/dags/ev_pipeline.py
[2025-01-14T13:51:03.985+0000] {logging_mixin.py:137} INFO - [2025-01-14T13:51:03.984+0000] {dagbag.py:343} ERROR - Failed to import: /opt/airflow/dags/ev_pipeline.py
Traceback (most recent call last):
  File "/home/airflow/.local/lib/python3.7/site-packages/airflow/models/dagbag.py", line 339, in parse
    loader.exec_module(new_module)
  File "<frozen importlib._bootstrap_external>", line 728, in exec_module
  File "<frozen importlib._bootstrap>", line 219, in _call_with_frames_removed
  File "/opt/airflow/dags/ev_pipeline.py", line 5, in <module>
    from pyspark.sql import SparkSession
ModuleNotFoundError: No module named 'pyspark'
[2025-01-14T13:51:03.986+0000] {processor.py:755} WARNING - No viable dags retrieved from /opt/airflow/dags/ev_pipeline.py
[2025-01-14T13:51:04.003+0000] {processor.py:175} INFO - Processing /opt/airflow/dags/ev_pipeline.py took 0.030 seconds
[2025-01-14T13:51:34.133+0000] {processor.py:153} INFO - Started process (PID=240) to work on /opt/airflow/dags/ev_pipeline.py
[2025-01-14T13:51:34.134+0000] {processor.py:743} INFO - Processing file /opt/airflow/dags/ev_pipeline.py for tasks to queue
[2025-01-14T13:51:34.135+0000] {logging_mixin.py:137} INFO - [2025-01-14T13:51:34.135+0000] {dagbag.py:538} INFO - Filling up the DagBag from /opt/airflow/dags/ev_pipeline.py
[2025-01-14T13:51:34.142+0000] {logging_mixin.py:137} INFO - [2025-01-14T13:51:34.141+0000] {dagbag.py:343} ERROR - Failed to import: /opt/airflow/dags/ev_pipeline.py
Traceback (most recent call last):
  File "/home/airflow/.local/lib/python3.7/site-packages/airflow/models/dagbag.py", line 339, in parse
    loader.exec_module(new_module)
  File "<frozen importlib._bootstrap_external>", line 728, in exec_module
  File "<frozen importlib._bootstrap>", line 219, in _call_with_frames_removed
  File "/opt/airflow/dags/ev_pipeline.py", line 5, in <module>
    from pyspark.sql import SparkSession
ModuleNotFoundError: No module named 'pyspark'
[2025-01-14T13:51:34.143+0000] {processor.py:755} WARNING - No viable dags retrieved from /opt/airflow/dags/ev_pipeline.py
[2025-01-14T13:51:34.163+0000] {processor.py:175} INFO - Processing /opt/airflow/dags/ev_pipeline.py took 0.034 seconds
[2025-01-14T14:13:58.951+0000] {processor.py:153} INFO - Started process (PID=169) to work on /opt/airflow/dags/ev_pipeline.py
[2025-01-14T14:13:58.953+0000] {processor.py:743} INFO - Processing file /opt/airflow/dags/ev_pipeline.py for tasks to queue
[2025-01-14T14:13:58.955+0000] {logging_mixin.py:137} INFO - [2025-01-14T14:13:58.954+0000] {dagbag.py:538} INFO - Filling up the DagBag from /opt/airflow/dags/ev_pipeline.py
[2025-01-14T14:13:59.095+0000] {processor.py:753} INFO - DAG(s) dict_keys(['ev_pipeline']) retrieved from /opt/airflow/dags/ev_pipeline.py
[2025-01-14T14:13:59.327+0000] {logging_mixin.py:137} INFO - [2025-01-14T14:13:59.327+0000] {manager.py:504} INFO - Created Permission View: can read on DAG:ev_pipeline
[2025-01-14T14:13:59.338+0000] {logging_mixin.py:137} INFO - [2025-01-14T14:13:59.338+0000] {manager.py:504} INFO - Created Permission View: can edit on DAG:ev_pipeline
[2025-01-14T14:13:59.349+0000] {logging_mixin.py:137} INFO - [2025-01-14T14:13:59.349+0000] {manager.py:504} INFO - Created Permission View: can delete on DAG:ev_pipeline
[2025-01-14T14:13:59.350+0000] {logging_mixin.py:137} INFO - [2025-01-14T14:13:59.350+0000] {dag.py:2690} INFO - Sync 1 DAGs
[2025-01-14T14:13:59.370+0000] {logging_mixin.py:137} INFO - [2025-01-14T14:13:59.369+0000] {dag.py:2711} INFO - Creating ORM DAG for ev_pipeline
[2025-01-14T14:13:59.385+0000] {logging_mixin.py:137} INFO - [2025-01-14T14:13:59.385+0000] {dag.py:3441} INFO - Setting next_dagrun for ev_pipeline to 2025-01-13T00:00:00+00:00, run_after=2025-01-14T00:00:00+00:00
[2025-01-14T14:13:59.408+0000] {processor.py:175} INFO - Processing /opt/airflow/dags/ev_pipeline.py took 0.460 seconds
[2025-01-14T14:14:29.550+0000] {processor.py:153} INFO - Started process (PID=175) to work on /opt/airflow/dags/ev_pipeline.py
[2025-01-14T14:14:29.551+0000] {processor.py:743} INFO - Processing file /opt/airflow/dags/ev_pipeline.py for tasks to queue
[2025-01-14T14:14:29.553+0000] {logging_mixin.py:137} INFO - [2025-01-14T14:14:29.552+0000] {dagbag.py:538} INFO - Filling up the DagBag from /opt/airflow/dags/ev_pipeline.py
[2025-01-14T14:14:29.635+0000] {processor.py:753} INFO - DAG(s) dict_keys(['ev_pipeline']) retrieved from /opt/airflow/dags/ev_pipeline.py
[2025-01-14T14:14:29.663+0000] {logging_mixin.py:137} INFO - [2025-01-14T14:14:29.663+0000] {dag.py:2690} INFO - Sync 1 DAGs
[2025-01-14T14:14:29.698+0000] {logging_mixin.py:137} INFO - [2025-01-14T14:14:29.698+0000] {dag.py:3441} INFO - Setting next_dagrun for ev_pipeline to 2025-01-13T00:00:00+00:00, run_after=2025-01-14T00:00:00+00:00
[2025-01-14T14:14:29.720+0000] {processor.py:175} INFO - Processing /opt/airflow/dags/ev_pipeline.py took 0.173 seconds
[2025-01-14T14:14:59.860+0000] {processor.py:153} INFO - Started process (PID=180) to work on /opt/airflow/dags/ev_pipeline.py
[2025-01-14T14:14:59.861+0000] {processor.py:743} INFO - Processing file /opt/airflow/dags/ev_pipeline.py for tasks to queue
[2025-01-14T14:14:59.862+0000] {logging_mixin.py:137} INFO - [2025-01-14T14:14:59.862+0000] {dagbag.py:538} INFO - Filling up the DagBag from /opt/airflow/dags/ev_pipeline.py
[2025-01-14T14:14:59.926+0000] {processor.py:753} INFO - DAG(s) dict_keys(['ev_pipeline']) retrieved from /opt/airflow/dags/ev_pipeline.py
[2025-01-14T14:14:59.949+0000] {logging_mixin.py:137} INFO - [2025-01-14T14:14:59.948+0000] {dag.py:2690} INFO - Sync 1 DAGs
[2025-01-14T14:14:59.975+0000] {logging_mixin.py:137} INFO - [2025-01-14T14:14:59.975+0000] {dag.py:3441} INFO - Setting next_dagrun for ev_pipeline to 2025-01-13T00:00:00+00:00, run_after=2025-01-14T00:00:00+00:00
[2025-01-14T14:14:59.992+0000] {processor.py:175} INFO - Processing /opt/airflow/dags/ev_pipeline.py took 0.137 seconds
[2025-01-14T14:15:30.122+0000] {processor.py:153} INFO - Started process (PID=185) to work on /opt/airflow/dags/ev_pipeline.py
[2025-01-14T14:15:30.123+0000] {processor.py:743} INFO - Processing file /opt/airflow/dags/ev_pipeline.py for tasks to queue
[2025-01-14T14:15:30.124+0000] {logging_mixin.py:137} INFO - [2025-01-14T14:15:30.124+0000] {dagbag.py:538} INFO - Filling up the DagBag from /opt/airflow/dags/ev_pipeline.py
[2025-01-14T14:15:30.190+0000] {processor.py:753} INFO - DAG(s) dict_keys(['ev_pipeline']) retrieved from /opt/airflow/dags/ev_pipeline.py
[2025-01-14T14:15:30.213+0000] {logging_mixin.py:137} INFO - [2025-01-14T14:15:30.213+0000] {dag.py:2690} INFO - Sync 1 DAGs
[2025-01-14T14:15:30.240+0000] {logging_mixin.py:137} INFO - [2025-01-14T14:15:30.240+0000] {dag.py:3441} INFO - Setting next_dagrun for ev_pipeline to 2025-01-13T00:00:00+00:00, run_after=2025-01-14T00:00:00+00:00
[2025-01-14T14:15:30.265+0000] {processor.py:175} INFO - Processing /opt/airflow/dags/ev_pipeline.py took 0.146 seconds
[2025-01-14T14:16:00.397+0000] {processor.py:153} INFO - Started process (PID=190) to work on /opt/airflow/dags/ev_pipeline.py
[2025-01-14T14:16:00.398+0000] {processor.py:743} INFO - Processing file /opt/airflow/dags/ev_pipeline.py for tasks to queue
[2025-01-14T14:16:00.399+0000] {logging_mixin.py:137} INFO - [2025-01-14T14:16:00.399+0000] {dagbag.py:538} INFO - Filling up the DagBag from /opt/airflow/dags/ev_pipeline.py
[2025-01-14T14:16:00.466+0000] {processor.py:753} INFO - DAG(s) dict_keys(['ev_pipeline']) retrieved from /opt/airflow/dags/ev_pipeline.py
[2025-01-14T14:16:00.490+0000] {logging_mixin.py:137} INFO - [2025-01-14T14:16:00.490+0000] {dag.py:2690} INFO - Sync 1 DAGs
[2025-01-14T14:16:00.517+0000] {logging_mixin.py:137} INFO - [2025-01-14T14:16:00.517+0000] {dag.py:3441} INFO - Setting next_dagrun for ev_pipeline to 2025-01-13T00:00:00+00:00, run_after=2025-01-14T00:00:00+00:00
[2025-01-14T14:16:00.537+0000] {processor.py:175} INFO - Processing /opt/airflow/dags/ev_pipeline.py took 0.144 seconds
[2025-01-14T14:16:30.675+0000] {processor.py:153} INFO - Started process (PID=195) to work on /opt/airflow/dags/ev_pipeline.py
[2025-01-14T14:16:30.677+0000] {processor.py:743} INFO - Processing file /opt/airflow/dags/ev_pipeline.py for tasks to queue
[2025-01-14T14:16:30.678+0000] {logging_mixin.py:137} INFO - [2025-01-14T14:16:30.678+0000] {dagbag.py:538} INFO - Filling up the DagBag from /opt/airflow/dags/ev_pipeline.py
[2025-01-14T14:16:30.749+0000] {processor.py:753} INFO - DAG(s) dict_keys(['ev_pipeline']) retrieved from /opt/airflow/dags/ev_pipeline.py
[2025-01-14T14:16:30.776+0000] {logging_mixin.py:137} INFO - [2025-01-14T14:16:30.776+0000] {dag.py:2690} INFO - Sync 1 DAGs
[2025-01-14T14:16:30.804+0000] {logging_mixin.py:137} INFO - [2025-01-14T14:16:30.804+0000] {dag.py:3441} INFO - Setting next_dagrun for ev_pipeline to 2025-01-13T00:00:00+00:00, run_after=2025-01-14T00:00:00+00:00
[2025-01-14T14:16:30.828+0000] {processor.py:175} INFO - Processing /opt/airflow/dags/ev_pipeline.py took 0.156 seconds
[2025-01-14T14:17:00.966+0000] {processor.py:153} INFO - Started process (PID=200) to work on /opt/airflow/dags/ev_pipeline.py
[2025-01-14T14:17:00.967+0000] {processor.py:743} INFO - Processing file /opt/airflow/dags/ev_pipeline.py for tasks to queue
[2025-01-14T14:17:00.969+0000] {logging_mixin.py:137} INFO - [2025-01-14T14:17:00.968+0000] {dagbag.py:538} INFO - Filling up the DagBag from /opt/airflow/dags/ev_pipeline.py
[2025-01-14T14:17:01.051+0000] {processor.py:753} INFO - DAG(s) dict_keys(['ev_pipeline']) retrieved from /opt/airflow/dags/ev_pipeline.py
[2025-01-14T14:17:01.078+0000] {logging_mixin.py:137} INFO - [2025-01-14T14:17:01.078+0000] {dag.py:2690} INFO - Sync 1 DAGs
[2025-01-14T14:17:01.123+0000] {logging_mixin.py:137} INFO - [2025-01-14T14:17:01.123+0000] {dag.py:3441} INFO - Setting next_dagrun for ev_pipeline to 2025-01-13T00:00:00+00:00, run_after=2025-01-14T00:00:00+00:00
[2025-01-14T14:17:01.151+0000] {processor.py:175} INFO - Processing /opt/airflow/dags/ev_pipeline.py took 0.190 seconds
[2025-01-14T14:17:31.285+0000] {processor.py:153} INFO - Started process (PID=205) to work on /opt/airflow/dags/ev_pipeline.py
[2025-01-14T14:17:31.286+0000] {processor.py:743} INFO - Processing file /opt/airflow/dags/ev_pipeline.py for tasks to queue
[2025-01-14T14:17:31.288+0000] {logging_mixin.py:137} INFO - [2025-01-14T14:17:31.287+0000] {dagbag.py:538} INFO - Filling up the DagBag from /opt/airflow/dags/ev_pipeline.py
[2025-01-14T14:17:31.348+0000] {processor.py:753} INFO - DAG(s) dict_keys(['ev_pipeline']) retrieved from /opt/airflow/dags/ev_pipeline.py
[2025-01-14T14:17:31.371+0000] {logging_mixin.py:137} INFO - [2025-01-14T14:17:31.370+0000] {dag.py:2690} INFO - Sync 1 DAGs
[2025-01-14T14:17:31.396+0000] {logging_mixin.py:137} INFO - [2025-01-14T14:17:31.395+0000] {dag.py:3441} INFO - Setting next_dagrun for ev_pipeline to 2025-01-13T00:00:00+00:00, run_after=2025-01-14T00:00:00+00:00
[2025-01-14T14:17:31.417+0000] {processor.py:175} INFO - Processing /opt/airflow/dags/ev_pipeline.py took 0.135 seconds
[2025-01-14T14:18:01.535+0000] {processor.py:153} INFO - Started process (PID=210) to work on /opt/airflow/dags/ev_pipeline.py
[2025-01-14T14:18:01.536+0000] {processor.py:743} INFO - Processing file /opt/airflow/dags/ev_pipeline.py for tasks to queue
[2025-01-14T14:18:01.537+0000] {logging_mixin.py:137} INFO - [2025-01-14T14:18:01.536+0000] {dagbag.py:538} INFO - Filling up the DagBag from /opt/airflow/dags/ev_pipeline.py
[2025-01-14T14:18:01.595+0000] {processor.py:753} INFO - DAG(s) dict_keys(['ev_pipeline']) retrieved from /opt/airflow/dags/ev_pipeline.py
[2025-01-14T14:18:01.616+0000] {logging_mixin.py:137} INFO - [2025-01-14T14:18:01.616+0000] {dag.py:2690} INFO - Sync 1 DAGs
[2025-01-14T14:18:01.644+0000] {logging_mixin.py:137} INFO - [2025-01-14T14:18:01.644+0000] {dag.py:3441} INFO - Setting next_dagrun for ev_pipeline to 2025-01-13T00:00:00+00:00, run_after=2025-01-14T00:00:00+00:00
[2025-01-14T14:18:01.663+0000] {processor.py:175} INFO - Processing /opt/airflow/dags/ev_pipeline.py took 0.131 seconds
[2025-01-14T14:18:31.776+0000] {processor.py:153} INFO - Started process (PID=215) to work on /opt/airflow/dags/ev_pipeline.py
[2025-01-14T14:18:31.777+0000] {processor.py:743} INFO - Processing file /opt/airflow/dags/ev_pipeline.py for tasks to queue
[2025-01-14T14:18:31.778+0000] {logging_mixin.py:137} INFO - [2025-01-14T14:18:31.778+0000] {dagbag.py:538} INFO - Filling up the DagBag from /opt/airflow/dags/ev_pipeline.py
[2025-01-14T14:18:31.837+0000] {processor.py:753} INFO - DAG(s) dict_keys(['ev_pipeline']) retrieved from /opt/airflow/dags/ev_pipeline.py
[2025-01-14T14:18:31.859+0000] {logging_mixin.py:137} INFO - [2025-01-14T14:18:31.859+0000] {dag.py:2690} INFO - Sync 1 DAGs
[2025-01-14T14:18:31.885+0000] {logging_mixin.py:137} INFO - [2025-01-14T14:18:31.885+0000] {dag.py:3441} INFO - Setting next_dagrun for ev_pipeline to 2025-01-13T00:00:00+00:00, run_after=2025-01-14T00:00:00+00:00
[2025-01-14T14:18:31.905+0000] {processor.py:175} INFO - Processing /opt/airflow/dags/ev_pipeline.py took 0.132 seconds
[2025-01-14T14:19:02.026+0000] {processor.py:153} INFO - Started process (PID=220) to work on /opt/airflow/dags/ev_pipeline.py
[2025-01-14T14:19:02.027+0000] {processor.py:743} INFO - Processing file /opt/airflow/dags/ev_pipeline.py for tasks to queue
[2025-01-14T14:19:02.029+0000] {logging_mixin.py:137} INFO - [2025-01-14T14:19:02.028+0000] {dagbag.py:538} INFO - Filling up the DagBag from /opt/airflow/dags/ev_pipeline.py
[2025-01-14T14:19:02.097+0000] {processor.py:753} INFO - DAG(s) dict_keys(['ev_pipeline']) retrieved from /opt/airflow/dags/ev_pipeline.py
[2025-01-14T14:19:02.120+0000] {logging_mixin.py:137} INFO - [2025-01-14T14:19:02.120+0000] {dag.py:2690} INFO - Sync 1 DAGs
[2025-01-14T14:19:02.144+0000] {logging_mixin.py:137} INFO - [2025-01-14T14:19:02.144+0000] {dag.py:3441} INFO - Setting next_dagrun for ev_pipeline to 2025-01-13T00:00:00+00:00, run_after=2025-01-14T00:00:00+00:00
[2025-01-14T14:19:02.163+0000] {processor.py:175} INFO - Processing /opt/airflow/dags/ev_pipeline.py took 0.139 seconds
[2025-01-14T14:19:32.286+0000] {processor.py:153} INFO - Started process (PID=225) to work on /opt/airflow/dags/ev_pipeline.py
[2025-01-14T14:19:32.287+0000] {processor.py:743} INFO - Processing file /opt/airflow/dags/ev_pipeline.py for tasks to queue
[2025-01-14T14:19:32.288+0000] {logging_mixin.py:137} INFO - [2025-01-14T14:19:32.288+0000] {dagbag.py:538} INFO - Filling up the DagBag from /opt/airflow/dags/ev_pipeline.py
[2025-01-14T14:19:32.347+0000] {processor.py:753} INFO - DAG(s) dict_keys(['ev_pipeline']) retrieved from /opt/airflow/dags/ev_pipeline.py
[2025-01-14T14:19:32.369+0000] {logging_mixin.py:137} INFO - [2025-01-14T14:19:32.369+0000] {dag.py:2690} INFO - Sync 1 DAGs
[2025-01-14T14:19:32.393+0000] {logging_mixin.py:137} INFO - [2025-01-14T14:19:32.393+0000] {dag.py:3441} INFO - Setting next_dagrun for ev_pipeline to 2025-01-13T00:00:00+00:00, run_after=2025-01-14T00:00:00+00:00
[2025-01-14T14:19:32.413+0000] {processor.py:175} INFO - Processing /opt/airflow/dags/ev_pipeline.py took 0.130 seconds
[2025-01-14T14:20:02.538+0000] {processor.py:153} INFO - Started process (PID=230) to work on /opt/airflow/dags/ev_pipeline.py
[2025-01-14T14:20:02.539+0000] {processor.py:743} INFO - Processing file /opt/airflow/dags/ev_pipeline.py for tasks to queue
[2025-01-14T14:20:02.540+0000] {logging_mixin.py:137} INFO - [2025-01-14T14:20:02.540+0000] {dagbag.py:538} INFO - Filling up the DagBag from /opt/airflow/dags/ev_pipeline.py
[2025-01-14T14:20:02.602+0000] {processor.py:753} INFO - DAG(s) dict_keys(['ev_pipeline']) retrieved from /opt/airflow/dags/ev_pipeline.py
[2025-01-14T14:20:02.625+0000] {logging_mixin.py:137} INFO - [2025-01-14T14:20:02.624+0000] {dag.py:2690} INFO - Sync 1 DAGs
[2025-01-14T14:20:02.652+0000] {logging_mixin.py:137} INFO - [2025-01-14T14:20:02.651+0000] {dag.py:3441} INFO - Setting next_dagrun for ev_pipeline to 2025-01-13T00:00:00+00:00, run_after=2025-01-14T00:00:00+00:00
[2025-01-14T14:20:02.673+0000] {processor.py:175} INFO - Processing /opt/airflow/dags/ev_pipeline.py took 0.138 seconds
[2025-01-14T14:20:32.793+0000] {processor.py:153} INFO - Started process (PID=235) to work on /opt/airflow/dags/ev_pipeline.py
[2025-01-14T14:20:32.794+0000] {processor.py:743} INFO - Processing file /opt/airflow/dags/ev_pipeline.py for tasks to queue
[2025-01-14T14:20:32.795+0000] {logging_mixin.py:137} INFO - [2025-01-14T14:20:32.794+0000] {dagbag.py:538} INFO - Filling up the DagBag from /opt/airflow/dags/ev_pipeline.py
[2025-01-14T14:20:32.866+0000] {processor.py:753} INFO - DAG(s) dict_keys(['ev_pipeline']) retrieved from /opt/airflow/dags/ev_pipeline.py
[2025-01-14T14:20:32.890+0000] {logging_mixin.py:137} INFO - [2025-01-14T14:20:32.890+0000] {dag.py:2690} INFO - Sync 1 DAGs
[2025-01-14T14:20:32.920+0000] {logging_mixin.py:137} INFO - [2025-01-14T14:20:32.920+0000] {dag.py:3441} INFO - Setting next_dagrun for ev_pipeline to 2025-01-13T00:00:00+00:00, run_after=2025-01-14T00:00:00+00:00
[2025-01-14T14:20:32.945+0000] {processor.py:175} INFO - Processing /opt/airflow/dags/ev_pipeline.py took 0.155 seconds
[2025-01-14T14:21:03.069+0000] {processor.py:153} INFO - Started process (PID=240) to work on /opt/airflow/dags/ev_pipeline.py
[2025-01-14T14:21:03.069+0000] {processor.py:743} INFO - Processing file /opt/airflow/dags/ev_pipeline.py for tasks to queue
[2025-01-14T14:21:03.071+0000] {logging_mixin.py:137} INFO - [2025-01-14T14:21:03.070+0000] {dagbag.py:538} INFO - Filling up the DagBag from /opt/airflow/dags/ev_pipeline.py
[2025-01-14T14:21:03.141+0000] {processor.py:753} INFO - DAG(s) dict_keys(['ev_pipeline']) retrieved from /opt/airflow/dags/ev_pipeline.py
[2025-01-14T14:21:03.165+0000] {logging_mixin.py:137} INFO - [2025-01-14T14:21:03.165+0000] {dag.py:2690} INFO - Sync 1 DAGs
[2025-01-14T14:21:03.189+0000] {logging_mixin.py:137} INFO - [2025-01-14T14:21:03.189+0000] {dag.py:3441} INFO - Setting next_dagrun for ev_pipeline to 2025-01-13T00:00:00+00:00, run_after=2025-01-14T00:00:00+00:00
[2025-01-14T14:21:03.208+0000] {processor.py:175} INFO - Processing /opt/airflow/dags/ev_pipeline.py took 0.142 seconds
